<?xml version="1.0" encoding="UTF-8"?>
<testng-results ignored="0" total="1" passed="1" failed="0" skipped="0">
  <reporter-output>
  </reporter-output>
  <suite started-at="2025-06-30T10:57:21 IST" name="Surefire suite" finished-at="2025-06-30T10:57:56 IST" duration-ms="34609">
    <groups>
    </groups>
    <test started-at="2025-06-30T10:57:21 IST" name="Surefire test" finished-at="2025-06-30T10:57:56 IST" duration-ms="34609">
      <class name="com.swiggy.test.Tc_01_SwiggyFoodDeliveryTest">
        <test-method is-config="true" signature="beforeTest()[pri:0, instance:com.swiggy.test.Tc_01_SwiggyFoodDeliveryTest@56a6d5a6]" started-at="2025-06-30T10:57:21 IST" name="beforeTest" finished-at="2025-06-30T10:57:24 IST" duration-ms="2317" status="PASS">
          <reporter-output>
          </reporter-output>
        </test-method> <!-- beforeTest -->
        <test-method signature="swiggyFoodDelivery()[pri:0, instance:com.swiggy.test.Tc_01_SwiggyFoodDeliveryTest@56a6d5a6]" started-at="2025-06-30T10:57:24 IST" name="swiggyFoodDelivery" finished-at="2025-06-30T10:57:56 IST" duration-ms="32243" status="PASS">
          <reporter-output>
          </reporter-output>
        </test-method> <!-- swiggyFoodDelivery -->
        <test-method is-config="true" signature="afterTest()[pri:0, instance:com.swiggy.test.Tc_01_SwiggyFoodDeliveryTest@56a6d5a6]" started-at="2025-06-30T10:57:56 IST" name="afterTest" finished-at="2025-06-30T10:57:56 IST" duration-ms="0" status="PASS">
          <reporter-output>
          </reporter-output>
        </test-method> <!-- afterTest -->
      </class> <!-- com.swiggy.test.Tc_01_SwiggyFoodDeliveryTest -->
    </test> <!-- Surefire test -->
  </suite> <!-- Surefire suite -->
</testng-results>
