<?xml version="1.0" encoding="UTF-8"?>
<testng-results ignored="0" total="1" passed="0" failed="1" skipped="0">
  <reporter-output>
  </reporter-output>
  <suite started-at="2025-08-20T16:23:03 IST" name="Default suite" finished-at="2025-08-20T16:23:15 IST" duration-ms="11955">
    <groups>
    </groups>
    <test started-at="2025-08-20T16:23:03 IST" name="Default test" finished-at="2025-08-20T16:23:15 IST" duration-ms="11955">
      <class name="com.swiggy.test.Tc_01_SwiggyFoodDeliveryTest">
        <test-method is-config="true" signature="beforeTest()[pri:0, instance:com.swiggy.test.Tc_01_SwiggyFoodDeliveryTest@34a3d150]" started-at="2025-08-20T16:23:03 IST" name="beforeTest" finished-at="2025-08-20T16:23:11 IST" duration-ms="7983" status="PASS">
          <reporter-output>
          </reporter-output>
        </test-method> <!-- beforeTest -->
        <test-method signature="swiggyFoodDelivery()[pri:0, instance:com.swiggy.test.Tc_01_SwiggyFoodDeliveryTest@34a3d150]" started-at="2025-08-20T16:23:11 IST" name="swiggyFoodDelivery" finished-at="2025-08-20T16:23:15 IST" duration-ms="3940" status="FAIL">
          <exception class="java.io.FileNotFoundException">
            <message>
              <![CDATA[C:\AutomationUtils\Excel Data handling testdata\Book5.xlsx]]>
            </message>
            <full-stacktrace>
              <![CDATA[java.io.FileNotFoundException: C:\AutomationUtils\Excel Data handling testdata\Book5.xlsx
at org.apache.poi.ss.usermodel.WorkbookFactory.create(WorkbookFactory.java:302)
at org.apache.poi.ss.usermodel.WorkbookFactory.create(WorkbookFactory.java:277)
at org.apache.poi.ss.usermodel.WorkbookFactory.create(WorkbookFactory.java:255)
at com.utilitiesread.ReadFromExcelUtilities.<init>(ReadFromExcelUtilities.java:21)
at com.swiggy.test.Tc_01_SwiggyFoodDeliveryTest.swiggyFoodDelivery(Tc_01_SwiggyFoodDeliveryTest.java:30)
at java.base/jdk.internal.reflect.DirectMethodHandleAccessor.invoke(DirectMethodHandleAccessor.java:103)
at java.base/java.lang.reflect.Method.invoke(Method.java:580)
at org.testng.internal.invokers.MethodInvocationHelper.invokeMethod(MethodInvocationHelper.java:139)
at org.testng.internal.invokers.TestInvoker.invokeMethod(TestInvoker.java:677)
at org.testng.internal.invokers.TestInvoker.invokeTestMethod(TestInvoker.java:221)
at org.testng.internal.invokers.MethodRunner.runInSequence(MethodRunner.java:50)
at org.testng.internal.invokers.TestInvoker$MethodInvocationAgent.invoke(TestInvoker.java:969)
at org.testng.internal.invokers.TestInvoker.invokeTestMethods(TestInvoker.java:194)
at org.testng.internal.invokers.TestMethodWorker.invokeTestMethods(TestMethodWorker.java:148)
at org.testng.internal.invokers.TestMethodWorker.run(TestMethodWorker.java:128)
at java.base/java.util.ArrayList.forEach(ArrayList.java:1596)
at org.testng.TestRunner.privateRun(TestRunner.java:829)
at org.testng.TestRunner.run(TestRunner.java:602)
at org.testng.SuiteRunner.runTest(SuiteRunner.java:437)
at org.testng.SuiteRunner.runSequentially(SuiteRunner.java:431)
at org.testng.SuiteRunner.privateRun(SuiteRunner.java:391)
at org.testng.SuiteRunner.run(SuiteRunner.java:330)
at org.testng.SuiteRunnerWorker.runSuite(SuiteRunnerWorker.java:52)
at org.testng.SuiteRunnerWorker.run(SuiteRunnerWorker.java:95)
at org.testng.TestNG.runSuitesSequentially(TestNG.java:1256)
at org.testng.TestNG.runSuitesLocally(TestNG.java:1176)
at org.testng.TestNG.runSuites(TestNG.java:1099)
at org.testng.TestNG.run(TestNG.java:1067)
at org.testng.remote.AbstractRemoteTestNG.run(AbstractRemoteTestNG.java:115)
at org.testng.remote.RemoteTestNG.initAndRun(RemoteTestNG.java:293)
at org.testng.remote.RemoteTestNG.main(RemoteTestNG.java:91)
]]>
            </full-stacktrace>
          </exception> <!-- java.io.FileNotFoundException -->
          <reporter-output>
          </reporter-output>
        </test-method> <!-- swiggyFoodDelivery -->
        <test-method is-config="true" signature="afterTest()[pri:0, instance:com.swiggy.test.Tc_01_SwiggyFoodDeliveryTest@34a3d150]" started-at="2025-08-20T16:23:15 IST" name="afterTest" finished-at="2025-08-20T16:23:15 IST" duration-ms="0" status="PASS">
          <reporter-output>
          </reporter-output>
        </test-method> <!-- afterTest -->
      </class> <!-- com.swiggy.test.Tc_01_SwiggyFoodDeliveryTest -->
    </test> <!-- Default test -->
  </suite> <!-- Default suite -->
</testng-results>
